{"/home/lil/Documents/covid bundle/covid-dashboard-actual-/src/components/statistic/helpFunctions.js":{"path":"/home/lil/Documents/covid bundle/covid-dashboard-actual-/src/components/statistic/helpFunctions.js","statementMap":{"0":{"start":{"line":2,"column":13},"end":{"line":2,"column":33}},"1":{"start":{"line":4,"column":13},"end":{"line":4,"column":21}},"2":{"start":{"line":5,"column":14},"end":{"line":5,"column":32}},"3":{"start":{"line":7,"column":13},"end":{"line":7,"column":15}},"4":{"start":{"line":8,"column":2},"end":{"line":13,"column":3}},"5":{"start":{"line":9,"column":4},"end":{"line":9,"column":21}},"6":{"start":{"line":10,"column":4},"end":{"line":10,"column":36}},"7":{"start":{"line":11,"column":4},"end":{"line":11,"column":23}},"8":{"start":{"line":12,"column":4},"end":{"line":12,"column":88}},"9":{"start":{"line":14,"column":2},"end":{"line":14,"column":37}},"10":{"start":{"line":18,"column":20},"end":{"line":18,"column":21}},"11":{"start":{"line":19,"column":2},"end":{"line":21,"column":3}},"12":{"start":{"line":20,"column":4},"end":{"line":20,"column":43}},"13":{"start":{"line":22,"column":2},"end":{"line":22,"column":21}},"14":{"start":{"line":26,"column":13},"end":{"line":26,"column":15}},"15":{"start":{"line":27,"column":20},"end":{"line":27,"column":22}},"16":{"start":{"line":28,"column":2},"end":{"line":31,"column":3}},"17":{"start":{"line":29,"column":4},"end":{"line":29,"column":19}},"18":{"start":{"line":30,"column":4},"end":{"line":30,"column":22}},"19":{"start":{"line":32,"column":2},"end":{"line":32,"column":31}}},"fnMap":{"0":{"name":"getPickLabelDataFlag","decl":{"start":{"line":1,"column":16},"end":{"line":1,"column":36}},"loc":{"start":{"line":1,"column":61},"end":{"line":15,"column":1}},"line":1},"1":{"name":"getCoefficient","decl":{"start":{"line":17,"column":16},"end":{"line":17,"column":30}},"loc":{"start":{"line":17,"column":46},"end":{"line":23,"column":1}},"line":17},"2":{"name":"getTimeData","decl":{"start":{"line":25,"column":16},"end":{"line":25,"column":27}},"loc":{"start":{"line":25,"column":36},"end":{"line":33,"column":1}},"line":25}},"branchMap":{"0":{"loc":{"start":{"line":8,"column":2},"end":{"line":13,"column":3}},"type":"if","locations":[{"start":{"line":8,"column":2},"end":{"line":13,"column":3}},{"start":{"line":8,"column":2},"end":{"line":13,"column":3}}],"line":8},"1":{"loc":{"start":{"line":19,"column":2},"end":{"line":21,"column":3}},"type":"if","locations":[{"start":{"line":19,"column":2},"end":{"line":21,"column":3}},{"start":{"line":19,"column":2},"end":{"line":21,"column":3}}],"line":19},"2":{"loc":{"start":{"line":28,"column":2},"end":{"line":31,"column":3}},"type":"if","locations":[{"start":{"line":28,"column":2},"end":{"line":31,"column":3}},{"start":{"line":28,"column":2},"end":{"line":31,"column":3}}],"line":28}},"s":{"0":5,"1":3,"2":3,"3":3,"4":3,"5":2,"6":2,"7":2,"8":2,"9":3,"10":15,"11":15,"12":12,"13":9,"14":3,"15":3,"16":3,"17":1,"18":1,"19":3},"f":{"0":5,"1":15,"2":3},"b":{"0":[2,1],"1":[12,3],"2":[1,2]},"_coverageSchema":"1a1c01bbd47fc00a2c39e90264f33305004495a9","hash":"e161bfb8215de28fcb6e83c9108ac5e92c1a7c73","contentHash":"9fbc16d2a4e202911496d819028addf8197ef037015d90e141a66417daa45f5e"},"/home/lil/Documents/covid bundle/covid-dashboard-actual-/src/components/chart/helpFunctions.js":{"path":"/home/lil/Documents/covid bundle/covid-dashboard-actual-/src/components/chart/helpFunctions.js","statementMap":{"0":{"start":{"line":2,"column":18},"end":{"line":2,"column":46}},"1":{"start":{"line":3,"column":2},"end":{"line":5,"column":3}},"2":{"start":{"line":4,"column":4},"end":{"line":4,"column":24}},"3":{"start":{"line":6,"column":2},"end":{"line":6,"column":19}},"4":{"start":{"line":10,"column":19},"end":{"line":10,"column":37}},"5":{"start":{"line":11,"column":19},"end":{"line":11,"column":42}},"6":{"start":{"line":12,"column":14},"end":{"line":12,"column":25}},"7":{"start":{"line":13,"column":2},"end":{"line":17,"column":3}},"8":{"start":{"line":14,"column":4},"end":{"line":14,"column":52}},"9":{"start":{"line":15,"column":4},"end":{"line":15,"column":60}},"10":{"start":{"line":16,"column":4},"end":{"line":16,"column":18}},"11":{"start":{"line":18,"column":2},"end":{"line":18,"column":43}},"12":{"start":{"line":22,"column":16},"end":{"line":22,"column":42}},"13":{"start":{"line":24,"column":2},"end":{"line":32,"column":3}},"14":{"start":{"line":25,"column":4},"end":{"line":30,"column":11}},"15":{"start":{"line":26,"column":22},"end":{"line":26,"column":66}},"16":{"start":{"line":27,"column":6},"end":{"line":27,"column":39}},"17":{"start":{"line":27,"column":25},"end":{"line":27,"column":39}},"18":{"start":{"line":28,"column":6},"end":{"line":28,"column":26}},"19":{"start":{"line":29,"column":6},"end":{"line":29,"column":17}},"20":{"start":{"line":31,"column":4},"end":{"line":31,"column":19}},"21":{"start":{"line":34,"column":2},"end":{"line":40,"column":3}},"22":{"start":{"line":35,"column":4},"end":{"line":39,"column":11}},"23":{"start":{"line":36,"column":24},"end":{"line":36,"column":66}},"24":{"start":{"line":37,"column":6},"end":{"line":37,"column":26}},"25":{"start":{"line":38,"column":6},"end":{"line":38,"column":17}},"26":{"start":{"line":41,"column":2},"end":{"line":41,"column":17}}},"fnMap":{"0":{"name":"getFilters","decl":{"start":{"line":1,"column":16},"end":{"line":1,"column":26}},"loc":{"start":{"line":1,"column":43},"end":{"line":7,"column":1}},"line":1},"1":{"name":"changeChartConfig","decl":{"start":{"line":9,"column":16},"end":{"line":9,"column":33}},"loc":{"start":{"line":9,"column":86},"end":{"line":19,"column":1}},"line":9},"2":{"name":"changeAmountAndMeasure","decl":{"start":{"line":21,"column":16},"end":{"line":21,"column":38}},"loc":{"start":{"line":21,"column":85},"end":{"line":42,"column":1}},"line":21},"3":{"name":"(anonymous_3)","decl":{"start":{"line":25,"column":29},"end":{"line":25,"column":30}},"loc":{"start":{"line":25,"column":46},"end":{"line":30,"column":5}},"line":25},"4":{"name":"(anonymous_4)","decl":{"start":{"line":35,"column":29},"end":{"line":35,"column":30}},"loc":{"start":{"line":35,"column":43},"end":{"line":39,"column":5}},"line":35}},"branchMap":{"0":{"loc":{"start":{"line":3,"column":2},"end":{"line":5,"column":3}},"type":"if","locations":[{"start":{"line":3,"column":2},"end":{"line":5,"column":3}},{"start":{"line":3,"column":2},"end":{"line":5,"column":3}}],"line":3},"1":{"loc":{"start":{"line":13,"column":2},"end":{"line":17,"column":3}},"type":"if","locations":[{"start":{"line":13,"column":2},"end":{"line":17,"column":3}},{"start":{"line":13,"column":2},"end":{"line":17,"column":3}}],"line":13},"2":{"loc":{"start":{"line":24,"column":2},"end":{"line":32,"column":3}},"type":"if","locations":[{"start":{"line":24,"column":2},"end":{"line":32,"column":3}},{"start":{"line":24,"column":2},"end":{"line":32,"column":3}}],"line":24},"3":{"loc":{"start":{"line":26,"column":22},"end":{"line":26,"column":66}},"type":"binary-expr","locations":[{"start":{"line":26,"column":22},"end":{"line":26,"column":61}},{"start":{"line":26,"column":65},"end":{"line":26,"column":66}}],"line":26},"4":{"loc":{"start":{"line":27,"column":6},"end":{"line":27,"column":39}},"type":"if","locations":[{"start":{"line":27,"column":6},"end":{"line":27,"column":39}},{"start":{"line":27,"column":6},"end":{"line":27,"column":39}}],"line":27},"5":{"loc":{"start":{"line":34,"column":2},"end":{"line":40,"column":3}},"type":"if","locations":[{"start":{"line":34,"column":2},"end":{"line":40,"column":3}},{"start":{"line":34,"column":2},"end":{"line":40,"column":3}}],"line":34}},"s":{"0":12,"1":7,"2":2,"3":7,"4":4,"5":4,"6":2,"7":2,"8":1,"9":1,"10":1,"11":2,"12":0,"13":0,"14":0,"15":0,"16":0,"17":0,"18":0,"19":0,"20":0,"21":0,"22":0,"23":0,"24":0,"25":0,"26":0},"f":{"0":12,"1":4,"2":0,"3":0,"4":0},"b":{"0":[2,5],"1":[1,1],"2":[0,0],"3":[0,0],"4":[0,0],"5":[0,0]},"_coverageSchema":"1a1c01bbd47fc00a2c39e90264f33305004495a9","hash":"a218312eb0898795a1037d90e339be855d7552ec","contentHash":"995fe2eb4e27b84f7ca4e57b612f7b32d3b2f69ab42566fd38122808c0c39458"}}